{
  "RSpec": {
    "coverage": {
      "/Users/mfebrianto/Dev/f2/ResumeCreator/spec/models/backend/customer_spec.rb": [
        1,
        null,
        1,
        1,
        1,
        null,
        null
      ],
      "/Users/mfebrianto/Dev/f2/ResumeCreator/spec/models/backend/user_spec.rb": [
        1,
        null,
        null,
        1,
        1,
        1,
        1,
        1,
        1,
        null,
        null,
        1,
        1,
        1,
        null,
        null,
        null,
        null
      ],
      "/Users/mfebrianto/Dev/f2/ResumeCreator/app/controllers/application_controller.rb": [
        1,
        null,
        null,
        1,
        null
      ],
      "/Users/mfebrianto/Dev/f2/ResumeCreator/app/controllers/backend/welcome_controller.rb": [
        1,
        null,
        null,
        1,
        null,
        null
      ],
      "/Users/mfebrianto/Dev/f2/ResumeCreator/app/controllers/backend/backend_controller.rb": [
        1,
        null,
        null,
        1,
        null,
        null
      ],
      "/Users/mfebrianto/Dev/f2/ResumeCreator/app/controllers/api/v1/customers_controller.rb": [
        1,
        null,
        null,
        null,
        1,
        null,
        1,
        1,
        1,
        null,
        null,
        null,
        1,
        null,
        null,
        null,
        1,
        0,
        null,
        0,
        0,
        0,
        null,
        0,
        null,
        null,
        null,
        null,
        1,
        null,
        1,
        0,
        null,
        null,
        null,
        1,
        0,
        null,
        null,
        null
      ],
      "/Users/mfebrianto/Dev/f2/ResumeCreator/app/controllers/api/api_controller.rb": [
        1,
        null,
        null,
        1,
        null,
        1,
        null,
        1,
        null,
        1,
        2,
        2,
        null,
        null,
        null
      ]
    },
    "timestamp": 1388303980
  }
}
